<?xml version="1.0" encoding="UTF-8"?>
<!-- Generated by org.testng.reporters.JUnitReportReporter -->
<testsuite skipped="0" hostname="DESKTOP-5P74EC3" name="utility.TestDataProvider" tests="3" failures="0" timestamp="2020-10-13T13:58:43 IST" time="0.015" errors="0">
  <testcase name="sampleTestOne" time="0.002" classname="utility.TestDataProvider"/>
  <system-out/>
  <testcase name="sampleTestOne" time="0.009" classname="utility.TestDataProvider"/>
  <system-out/>
  <testcase name="sampleTestOne" time="0.004" classname="utility.TestDataProvider"/>
  <system-out/>
</testsuite> <!-- utility.TestDataProvider -->
