<?xml version="1.0" encoding="UTF-8"?>
<!-- Generated by org.testng.reporters.JUnitReportReporter -->
<testsuite skipped="0" hostname="DESKTOP-5P74EC3" name="test1.Test1" tests="1" failures="0" timestamp="2020-10-07T14:05:03 IST" time="18.913" errors="0">
  <testcase name="TestOne" time="18.913" classname="test1.Test1"/>
  <system-out/>
</testsuite> <!-- test1.Test1 -->
