<?xml version="1.0" encoding="UTF-8"?>
<!-- Generated by org.testng.reporters.JUnitReportReporter -->
<testsuite skipped="0" hostname="DESKTOP-5P74EC3" name="testCases.TestCar" tests="6" failures="0" timestamp="2020-10-29T22:16:15 IST" time="267.438" errors="0">
  <testcase name="TestOne" time="51.253" classname="testCases.TestCar"/>
  <system-out/>
  <testcase name="TestOne" time="44.669" classname="testCases.TestCar"/>
  <system-out/>
  <testcase name="TestOne" time="44.434" classname="testCases.TestCar"/>
  <system-out/>
  <testcase name="TestTwo" time="43.411" classname="testCases.TestCar"/>
  <system-out/>
  <testcase name="TestTwo" time="41.790" classname="testCases.TestCar"/>
  <system-out/>
  <testcase name="TestTwo" time="41.881" classname="testCases.TestCar"/>
  <system-out/>
</testsuite> <!-- testCases.TestCar -->
