<?xml version="1.0" encoding="UTF-8"?>
<!-- Generated by org.testng.reporters.JUnitReportReporter -->
<testsuite skipped="0" hostname="DESKTOP-5P74EC3" name="testCases.Test1" tests="6" failures="0" timestamp="2020-10-14T13:51:22 IST" time="141.964" errors="0">
  <testcase name="TestOne" time="24.944" classname="testCases.Test1"/>
  <system-out/>
  <testcase name="TestOne" time="25.403" classname="testCases.Test1"/>
  <system-out/>
  <testcase name="TestOne" time="26.655" classname="testCases.Test1"/>
  <system-out/>
  <testcase name="TestTwo" time="21.118" classname="testCases.Test1"/>
  <system-out/>
  <testcase name="TestTwo" time="20.504" classname="testCases.Test1"/>
  <system-out/>
  <testcase name="TestTwo" time="23.340" classname="testCases.Test1"/>
  <system-out/>
</testsuite> <!-- testCases.Test1 -->
